<?xml version="1.0" encoding="UTF-8"?>
<!-- Generated by org.testng.reporters.JUnitXMLReporter -->
<testsuite ignored="0" hostname="DESKTOP-GPOJRS9" failures="0" tests="3" name="Default test" time="0.047" errors="0" timestamp="2024-11-07T15:52:50 IST">
  <testcase classname="com.Ecommerce.instaSnap.ProductTest.VerifyKidsProduct" name="createProduct" time="0.006"/>
  <testcase classname="com.Ecommerce.instaSnap.ProductTest.VerifyKidsProduct" name="updateProduct" time="0.001"/>
  <testcase classname="com.Ecommerce.instaSnap.ProductTest.VerifyKidsProduct" name="updateProduct" time="0.001"/>
</testsuite> <!-- Default test -->
