<?xml version="1.0" encoding="UTF-8"?>
<testng-results ignored="0" total="6" passed="6" failed="0" skipped="0">
  <reporter-output>
    <line>
      <![CDATA[Browser launched successfully]]>
    </line>
    <line>
      <![CDATA[Login successful]]>
    </line>
    <line>
      <![CDATA[Electronic Product Created]]>
    </line>
    <line>
      <![CDATA[Logout successful]]>
    </line>
    <line>
      <![CDATA[Login successful]]>
    </line>
    <line>
      <![CDATA[Electronic Product Updated]]>
    </line>
    <line>
      <![CDATA[Logout successful]]>
    </line>
    <line>
      <![CDATA[Login successful]]>
    </line>
    <line>
      <![CDATA[Electronic Product Updated]]>
    </line>
    <line>
      <![CDATA[Logout successful]]>
    </line>
    <line>
      <![CDATA[Browser closed successfully]]>
    </line>
    <line>
      <![CDATA[Browser launched successfully]]>
    </line>
    <line>
      <![CDATA[Login successful]]>
    </line>
    <line>
      <![CDATA[Kids Product Created]]>
    </line>
    <line>
      <![CDATA[Logout successful]]>
    </line>
    <line>
      <![CDATA[Login successful]]>
    </line>
    <line>
      <![CDATA[Kids Product Updated]]>
    </line>
    <line>
      <![CDATA[Logout successful]]>
    </line>
    <line>
      <![CDATA[Login successful]]>
    </line>
    <line>
      <![CDATA[Kids Product Updated]]>
    </line>
    <line>
      <![CDATA[Logout successful]]>
    </line>
    <line>
      <![CDATA[Browser closed successfully]]>
    </line>
  </reporter-output>
  <suite started-at="2024-11-07T16:20:31 IST" name="RegressionSuite" finished-at="2024-11-07T16:20:31 IST" duration-ms="87">
    <groups>
    </groups>
    <test started-at="2024-11-07T16:20:31 IST" name="ChromeTest" finished-at="2024-11-07T16:20:31 IST" duration-ms="87">
      <class name="com.Ecommerce.instaSnap.ProductTest.VerifyElectronicProduct">
        <test-method is-config="true" signature="BrowserSetup()[pri:0, instance:com.Ecommerce.instaSnap.ProductTest.VerifyElectronicProduct@6da21078]" started-at="2024-11-07T16:20:31 IST" name="BrowserSetup" finished-at="2024-11-07T16:20:31 IST" duration-ms="5" status="PASS">
          <reporter-output>
            <line>
              <![CDATA[Browser launched successfully]]>
            </line>
          </reporter-output>
        </test-method> <!-- BrowserSetup -->
        <test-method is-config="true" signature="login()[pri:0, instance:com.Ecommerce.instaSnap.ProductTest.VerifyElectronicProduct@6da21078]" started-at="2024-11-07T16:20:31 IST" name="login" finished-at="2024-11-07T16:20:31 IST" duration-ms="0" status="PASS">
          <reporter-output>
            <line>
              <![CDATA[Login successful]]>
            </line>
          </reporter-output>
        </test-method> <!-- login -->
        <test-method signature="createProduct()[pri:1, instance:com.Ecommerce.instaSnap.ProductTest.VerifyElectronicProduct@6da21078]" started-at="2024-11-07T16:20:31 IST" name="createProduct" finished-at="2024-11-07T16:20:31 IST" duration-ms="5" status="PASS">
          <reporter-output>
            <line>
              <![CDATA[Electronic Product Created]]>
            </line>
          </reporter-output>
        </test-method> <!-- createProduct -->
        <test-method is-config="true" signature="logout()[pri:0, instance:com.Ecommerce.instaSnap.ProductTest.VerifyElectronicProduct@6da21078]" started-at="2024-11-07T16:20:31 IST" name="logout" finished-at="2024-11-07T16:20:31 IST" duration-ms="0" status="PASS">
          <reporter-output>
            <line>
              <![CDATA[Logout successful]]>
            </line>
          </reporter-output>
        </test-method> <!-- logout -->
        <test-method is-config="true" signature="login()[pri:0, instance:com.Ecommerce.instaSnap.ProductTest.VerifyElectronicProduct@6da21078]" started-at="2024-11-07T16:20:31 IST" name="login" finished-at="2024-11-07T16:20:31 IST" duration-ms="0" status="PASS">
          <reporter-output>
            <line>
              <![CDATA[Login successful]]>
            </line>
          </reporter-output>
        </test-method> <!-- login -->
        <test-method signature="updateProduct()[pri:2, instance:com.Ecommerce.instaSnap.ProductTest.VerifyElectronicProduct@6da21078]" started-at="2024-11-07T16:20:31 IST" name="updateProduct" finished-at="2024-11-07T16:20:31 IST" depends-on-methods="com.Ecommerce.instaSnap.ProductTest.VerifyElectronicProduct.createProduct" duration-ms="2" status="PASS">
          <reporter-output>
            <line>
              <![CDATA[Electronic Product Updated]]>
            </line>
          </reporter-output>
        </test-method> <!-- updateProduct -->
        <test-method is-config="true" signature="logout()[pri:0, instance:com.Ecommerce.instaSnap.ProductTest.VerifyElectronicProduct@6da21078]" started-at="2024-11-07T16:20:31 IST" name="logout" finished-at="2024-11-07T16:20:31 IST" duration-ms="1" status="PASS">
          <reporter-output>
            <line>
              <![CDATA[Logout successful]]>
            </line>
          </reporter-output>
        </test-method> <!-- logout -->
        <test-method is-config="true" signature="login()[pri:0, instance:com.Ecommerce.instaSnap.ProductTest.VerifyElectronicProduct@6da21078]" started-at="2024-11-07T16:20:31 IST" name="login" finished-at="2024-11-07T16:20:31 IST" duration-ms="0" status="PASS">
          <reporter-output>
            <line>
              <![CDATA[Login successful]]>
            </line>
          </reporter-output>
        </test-method> <!-- login -->
        <test-method signature="updateProduct()[pri:2, instance:com.Ecommerce.instaSnap.ProductTest.VerifyElectronicProduct@6da21078]" started-at="2024-11-07T16:20:31 IST" name="updateProduct" finished-at="2024-11-07T16:20:31 IST" depends-on-methods="com.Ecommerce.instaSnap.ProductTest.VerifyElectronicProduct.createProduct" duration-ms="1" status="PASS">
          <reporter-output>
            <line>
              <![CDATA[Electronic Product Updated]]>
            </line>
          </reporter-output>
        </test-method> <!-- updateProduct -->
        <test-method is-config="true" signature="logout()[pri:0, instance:com.Ecommerce.instaSnap.ProductTest.VerifyElectronicProduct@6da21078]" started-at="2024-11-07T16:20:31 IST" name="logout" finished-at="2024-11-07T16:20:31 IST" duration-ms="0" status="PASS">
          <reporter-output>
            <line>
              <![CDATA[Logout successful]]>
            </line>
          </reporter-output>
        </test-method> <!-- logout -->
        <test-method is-config="true" signature="terminateBrowser()[pri:0, instance:com.Ecommerce.instaSnap.ProductTest.VerifyElectronicProduct@6da21078]" started-at="2024-11-07T16:20:31 IST" name="terminateBrowser" finished-at="2024-11-07T16:20:31 IST" duration-ms="0" status="PASS">
          <reporter-output>
            <line>
              <![CDATA[Browser closed successfully]]>
            </line>
          </reporter-output>
        </test-method> <!-- terminateBrowser -->
      </class> <!-- com.Ecommerce.instaSnap.ProductTest.VerifyElectronicProduct -->
      <class name="com.Ecommerce.instaSnap.ProductTest.VerifyKidsProduct">
        <test-method is-config="true" signature="BrowserSetup()[pri:0, instance:com.Ecommerce.instaSnap.ProductTest.VerifyKidsProduct@7205765b]" started-at="2024-11-07T16:20:31 IST" name="BrowserSetup" finished-at="2024-11-07T16:20:31 IST" duration-ms="0" status="PASS">
          <reporter-output>
            <line>
              <![CDATA[Browser launched successfully]]>
            </line>
          </reporter-output>
        </test-method> <!-- BrowserSetup -->
        <test-method is-config="true" signature="login()[pri:0, instance:com.Ecommerce.instaSnap.ProductTest.VerifyKidsProduct@7205765b]" started-at="2024-11-07T16:20:31 IST" name="login" finished-at="2024-11-07T16:20:31 IST" duration-ms="1" status="PASS">
          <reporter-output>
            <line>
              <![CDATA[Login successful]]>
            </line>
          </reporter-output>
        </test-method> <!-- login -->
        <test-method signature="createProduct()[pri:1, instance:com.Ecommerce.instaSnap.ProductTest.VerifyKidsProduct@7205765b]" started-at="2024-11-07T16:20:31 IST" name="createProduct" finished-at="2024-11-07T16:20:31 IST" duration-ms="2" status="PASS">
          <reporter-output>
            <line>
              <![CDATA[Kids Product Created]]>
            </line>
          </reporter-output>
        </test-method> <!-- createProduct -->
        <test-method is-config="true" signature="logout()[pri:0, instance:com.Ecommerce.instaSnap.ProductTest.VerifyKidsProduct@7205765b]" started-at="2024-11-07T16:20:31 IST" name="logout" finished-at="2024-11-07T16:20:31 IST" duration-ms="2" status="PASS">
          <reporter-output>
            <line>
              <![CDATA[Logout successful]]>
            </line>
          </reporter-output>
        </test-method> <!-- logout -->
        <test-method is-config="true" signature="login()[pri:0, instance:com.Ecommerce.instaSnap.ProductTest.VerifyKidsProduct@7205765b]" started-at="2024-11-07T16:20:31 IST" name="login" finished-at="2024-11-07T16:20:31 IST" duration-ms="1" status="PASS">
          <reporter-output>
            <line>
              <![CDATA[Login successful]]>
            </line>
          </reporter-output>
        </test-method> <!-- login -->
        <test-method signature="updateProduct()[pri:2, instance:com.Ecommerce.instaSnap.ProductTest.VerifyKidsProduct@7205765b]" started-at="2024-11-07T16:20:31 IST" name="updateProduct" finished-at="2024-11-07T16:20:31 IST" depends-on-methods="com.Ecommerce.instaSnap.ProductTest.VerifyKidsProduct.createProduct" duration-ms="3" status="PASS">
          <reporter-output>
            <line>
              <![CDATA[Kids Product Updated]]>
            </line>
          </reporter-output>
        </test-method> <!-- updateProduct -->
        <test-method is-config="true" signature="logout()[pri:0, instance:com.Ecommerce.instaSnap.ProductTest.VerifyKidsProduct@7205765b]" started-at="2024-11-07T16:20:31 IST" name="logout" finished-at="2024-11-07T16:20:31 IST" duration-ms="1" status="PASS">
          <reporter-output>
            <line>
              <![CDATA[Logout successful]]>
            </line>
          </reporter-output>
        </test-method> <!-- logout -->
        <test-method is-config="true" signature="login()[pri:0, instance:com.Ecommerce.instaSnap.ProductTest.VerifyKidsProduct@7205765b]" started-at="2024-11-07T16:20:31 IST" name="login" finished-at="2024-11-07T16:20:31 IST" duration-ms="1" status="PASS">
          <reporter-output>
            <line>
              <![CDATA[Login successful]]>
            </line>
          </reporter-output>
        </test-method> <!-- login -->
        <test-method signature="updateProduct()[pri:2, instance:com.Ecommerce.instaSnap.ProductTest.VerifyKidsProduct@7205765b]" started-at="2024-11-07T16:20:31 IST" name="updateProduct" finished-at="2024-11-07T16:20:31 IST" depends-on-methods="com.Ecommerce.instaSnap.ProductTest.VerifyKidsProduct.createProduct" duration-ms="8" status="PASS">
          <reporter-output>
            <line>
              <![CDATA[Kids Product Updated]]>
            </line>
          </reporter-output>
        </test-method> <!-- updateProduct -->
        <test-method is-config="true" signature="logout()[pri:0, instance:com.Ecommerce.instaSnap.ProductTest.VerifyKidsProduct@7205765b]" started-at="2024-11-07T16:20:31 IST" name="logout" finished-at="2024-11-07T16:20:31 IST" duration-ms="1" status="PASS">
          <reporter-output>
            <line>
              <![CDATA[Logout successful]]>
            </line>
          </reporter-output>
        </test-method> <!-- logout -->
        <test-method is-config="true" signature="terminateBrowser()[pri:0, instance:com.Ecommerce.instaSnap.ProductTest.VerifyKidsProduct@7205765b]" started-at="2024-11-07T16:20:31 IST" name="terminateBrowser" finished-at="2024-11-07T16:20:31 IST" duration-ms="2" status="PASS">
          <reporter-output>
            <line>
              <![CDATA[Browser closed successfully]]>
            </line>
          </reporter-output>
        </test-method> <!-- terminateBrowser -->
      </class> <!-- com.Ecommerce.instaSnap.ProductTest.VerifyKidsProduct -->
    </test> <!-- ChromeTest -->
  </suite> <!-- RegressionSuite -->
</testng-results>
