<?xml version="1.0" encoding="UTF-8"?>
<!-- Generated by org.testng.reporters.JUnitXMLReporter -->
<testsuite ignored="0" hostname="DESKTOP-GPOJRS9" failures="0" tests="6" name="ChromeTest" time="0.087" errors="0" timestamp="2024-11-07T16:20:32 IST">
  <testcase classname="com.Ecommerce.instaSnap.ProductTest.VerifyElectronicProduct" name="createProduct" time="0.005"/>
  <testcase classname="com.Ecommerce.instaSnap.ProductTest.VerifyElectronicProduct" name="updateProduct" time="0.002"/>
  <testcase classname="com.Ecommerce.instaSnap.ProductTest.VerifyElectronicProduct" name="updateProduct" time="0.001"/>
  <testcase classname="com.Ecommerce.instaSnap.ProductTest.VerifyKidsProduct" name="createProduct" time="0.002"/>
  <testcase classname="com.Ecommerce.instaSnap.ProductTest.VerifyKidsProduct" name="updateProduct" time="0.003"/>
  <testcase classname="com.Ecommerce.instaSnap.ProductTest.VerifyKidsProduct" name="updateProduct" time="0.008"/>
</testsuite> <!-- ChromeTest -->
